<?xml version="1.0" encoding="UTF-8"?>
<!-- Generated by org.testng.reporters.JUnitXMLReporter -->
<testsuite ignored="0" hostname="DESKTOP-CT6PMDD" failures="0" tests="4" name="Default test" time="75.843" errors="0" timestamp="2022-12-20T23:36:53 IST">
  <testcase classname="Ratul.SeleniumTestNGFrameworkDesign.SubmitOrderTest" name="SubmitOrder" time="4.179"/>
  <testcase classname="Ratul.SeleniumTestNGFrameworkDesign.SubmitOrderTest" name="SubmitOrder" time="4.05"/>
  <testcase classname="Ratul.SeleniumTestNGFrameworkDesign.SubmitOrderTest" name="SubmitOrder" time="4.045"/>
  <testcase classname="Ratul.SeleniumTestNGFrameworkDesign.SubmitOrderTest" name="VerifyOrder" time="0.632"/>
</testsuite> <!-- Default test -->
