<?xml version="1.0" encoding="UTF-8"?>
<!-- Generated by org.testng.reporters.JUnitXMLReporter -->
<testsuite ignored="2" hostname="DESKTOP-CT6PMDD" failures="0" tests="0" time="0.001" errors="0" timestamp="2023-01-26T23:07:54 IST">
  <testcase classname="Ratul.SeleniumTestNGFrameworkDesign.ErrorValidations" name="LoginErrorValidation" time="0.0">
    <ignored/>
  </testcase> <!-- LoginErrorValidation -->
  <testcase classname="Ratul.SeleniumTestNGFrameworkDesign.ErrorValidations" name="ProductErrorValidation" time="0.0">
    <ignored/>
  </testcase> <!-- ProductErrorValidation -->
</testsuite>
