<?xml version="1.0" encoding="UTF-8"?>
<!-- Generated by org.testng.reporters.JUnitXMLReporter -->
<testsuite ignored="1" hostname="DESKTOP-CT6PMDD" failures="0" tests="3" name="Submit Order Test" time="35.816" errors="0" timestamp="2023-01-26T23:07:54 IST">
  <testcase classname="Ratul.SeleniumTestNGFrameworkDesign.SubmitOrderTest" name="SubmitOrder" time="5.579"/>
  <testcase classname="Ratul.SeleniumTestNGFrameworkDesign.SubmitOrderTest" name="SubmitOrder" time="5.651"/>
  <testcase classname="Ratul.SeleniumTestNGFrameworkDesign.SubmitOrderTest" name="SubmitOrder" time="5.709"/>
  <testcase classname="Ratul.SeleniumTestNGFrameworkDesign.SubmitOrderTest" name="VerifyOrder" time="0.0">
    <ignored/>
  </testcase> <!-- VerifyOrder -->
</testsuite> <!-- Submit Order Test -->
