<?xml version="1.0" encoding="UTF-8"?>
<!-- Generated by org.testng.reporters.JUnitXMLReporter -->
<testsuite ignored="2" hostname="DESKTOP-CT6PMDD" failures="0" tests="0" time="0.026" errors="0" timestamp="2022-11-10T00:25:58 IST">
  <testcase classname="Ratul.SeleniumTestNGFrameworkDesign.SubmitOrderTest" name="VerifyOrder" time="0.0">
    <ignored/>
  </testcase> <!-- VerifyOrder -->
  <testcase classname="Ratul.SeleniumTestNGFrameworkDesign.SubmitOrderTest" name="SubmitOrder" time="0.0">
    <ignored/>
  </testcase> <!-- SubmitOrder -->
</testsuite>
