<?xml version="1.0" encoding="UTF-8"?>
<testng-results ignored="3" total="6" passed="3" failed="0" skipped="0">
  <reporter-output>
  </reporter-output>
  <suite started-at="2023-01-26T23:07:18 IST" name="Suite" finished-at="2023-01-26T23:07:54 IST" duration-ms="35857">
    <groups>
      <group name="Purchase">
        <method signature="SubmitOrderTest.SubmitOrder(java.util.HashMap)[pri:0, instance:Ratul.SeleniumTestNGFrameworkDesign.SubmitOrderTest@f78a47e]" name="SubmitOrder" class="Ratul.SeleniumTestNGFrameworkDesign.SubmitOrderTest"/>
      </group> <!-- Purchase -->
    </groups>
    <test started-at="2023-01-26T23:07:18 IST" name="Submit Order Test" finished-at="2023-01-26T23:07:54 IST" duration-ms="35816">
      <class name="Ratul.SeleniumTestNGFrameworkDesign.SubmitOrderTest">
        <test-method is-config="true" signature="launchApplication()[pri:0, instance:Ratul.SeleniumTestNGFrameworkDesign.SubmitOrderTest@f78a47e]" started-at="2023-01-26T23:07:19 IST" name="launchApplication" finished-at="2023-01-26T23:07:25 IST" duration-ms="5600" status="PASS">
          <reporter-output>
          </reporter-output>
        </test-method> <!-- launchApplication -->
        <test-method signature="SubmitOrder(java.util.HashMap)[pri:0, instance:Ratul.SeleniumTestNGFrameworkDesign.SubmitOrderTest@f78a47e]" started-at="2023-01-26T23:07:25 IST" name="SubmitOrder" data-provider="getData" finished-at="2023-01-26T23:07:30 IST" duration-ms="5579" status="PASS">
          <params>
            <param index="0">
              <value>
                <![CDATA[{password=RatulTest@1, ProductName=ADIDAS ORIGINAL, email=gratul7@gmail.com}]]>
              </value>
            </param>
          </params>
          <reporter-output>
          </reporter-output>
        </test-method> <!-- SubmitOrder -->
        <test-method is-config="true" signature="tearDown()[pri:0, instance:Ratul.SeleniumTestNGFrameworkDesign.SubmitOrderTest@f78a47e]" started-at="2023-01-26T23:07:30 IST" name="tearDown" finished-at="2023-01-26T23:07:30 IST" duration-ms="189" status="PASS">
          <reporter-output>
          </reporter-output>
        </test-method> <!-- tearDown -->
        <test-method is-config="true" signature="launchApplication()[pri:0, instance:Ratul.SeleniumTestNGFrameworkDesign.SubmitOrderTest@f78a47e]" started-at="2023-01-26T23:07:30 IST" name="launchApplication" finished-at="2023-01-26T23:07:35 IST" duration-ms="4985" status="PASS">
          <reporter-output>
          </reporter-output>
        </test-method> <!-- launchApplication -->
        <test-method signature="SubmitOrder(java.util.HashMap)[pri:0, instance:Ratul.SeleniumTestNGFrameworkDesign.SubmitOrderTest@f78a47e]" started-at="2023-01-26T23:07:35 IST" name="SubmitOrder" data-provider="getData" finished-at="2023-01-26T23:07:41 IST" duration-ms="5651" status="PASS">
          <params>
            <param index="0">
              <value>
                <![CDATA[{password=RatulTest@1, ProductName=ZARA COAT 3, email=gratul7@gmail.com}]]>
              </value>
            </param>
          </params>
          <reporter-output>
          </reporter-output>
        </test-method> <!-- SubmitOrder -->
        <test-method is-config="true" signature="tearDown()[pri:0, instance:Ratul.SeleniumTestNGFrameworkDesign.SubmitOrderTest@f78a47e]" started-at="2023-01-26T23:07:41 IST" name="tearDown" finished-at="2023-01-26T23:07:41 IST" duration-ms="189" status="PASS">
          <reporter-output>
          </reporter-output>
        </test-method> <!-- tearDown -->
        <test-method is-config="true" signature="launchApplication()[pri:0, instance:Ratul.SeleniumTestNGFrameworkDesign.SubmitOrderTest@f78a47e]" started-at="2023-01-26T23:07:41 IST" name="launchApplication" finished-at="2023-01-26T23:07:48 IST" duration-ms="7117" status="PASS">
          <reporter-output>
          </reporter-output>
        </test-method> <!-- launchApplication -->
        <test-method signature="SubmitOrder(java.util.HashMap)[pri:0, instance:Ratul.SeleniumTestNGFrameworkDesign.SubmitOrderTest@f78a47e]" started-at="2023-01-26T23:07:48 IST" name="SubmitOrder" data-provider="getData" finished-at="2023-01-26T23:07:54 IST" duration-ms="5709" status="PASS">
          <params>
            <param index="0">
              <value>
                <![CDATA[{password=Test@123, ProductName=ZARA COAT 3, email=testR@mailinator.com}]]>
              </value>
            </param>
          </params>
          <reporter-output>
          </reporter-output>
        </test-method> <!-- SubmitOrder -->
        <test-method is-config="true" signature="tearDown()[pri:0, instance:Ratul.SeleniumTestNGFrameworkDesign.SubmitOrderTest@f78a47e]" started-at="2023-01-26T23:07:54 IST" name="tearDown" finished-at="2023-01-26T23:07:54 IST" duration-ms="236" status="PASS">
          <reporter-output>
          </reporter-output>
        </test-method> <!-- tearDown -->
      </class> <!-- Ratul.SeleniumTestNGFrameworkDesign.SubmitOrderTest -->
    </test> <!-- Submit Order Test -->
    <test started-at="2023-01-26T23:07:54 IST" name="Error Validation Test" finished-at="2023-01-26T23:07:54 IST" duration-ms="1">
    </test> <!-- Error Validation Test -->
  </suite> <!-- Suite -->
</testng-results>
